<?xml version="1.0" encoding="UTF-8"?>
<!-- Generated by org.testng.reporters.JUnitReportReporter -->
<testsuite skipped="0" hostname="Chethan" name="UptakeTestFiles.HomePageTest" tests="10" failures="0" timestamp="11 Sep 2017 14:48:06 GMT" time="12.837" errors="0">
  <testcase name="f" time="0.001" classname="UptakeTestFiles.HomePageTest"/>
  <testcase name="UptakeHomePageTestCase" time="0.305" classname="UptakeTestFiles.HomePageTest"/>
  <testcase name="UptakeHomePageTestCase" time="3.219" classname="UptakeTestFiles.HomePageTest"/>
  <testcase name="UptakeHomePageTestCase" time="0.391" classname="UptakeTestFiles.HomePageTest"/>
  <testcase name="UptakeHomePageTestCase" time="0.197" classname="UptakeTestFiles.HomePageTest"/>
  <testcase name="UptakeHomePageTestCase" time="0.128" classname="UptakeTestFiles.HomePageTest"/>
  <testcase name="UptakeHomePageTestCase" time="0.623" classname="UptakeTestFiles.HomePageTest"/>
  <testcase name="f" time="0.001" classname="UptakeTestFiles.HomePageTest"/>
  <testcase name="UptakeHomePageTestCase" time="2.802" classname="UptakeTestFiles.HomePageTest"/>
  <testcase name="UptakeHomePageTestCase" time="5.170" classname="UptakeTestFiles.HomePageTest"/>
</testsuite> <!-- UptakeTestFiles.HomePageTest -->
