<?xml version="1.0" encoding="UTF-8"?>
<!-- Generated by org.testng.reporters.JUnitReportReporter -->
<testsuite skipped="0" hostname="Chethan" name="UptakeTestFiles.UptakeHomePageTest" tests="10" failures="0" timestamp="11 Sep 2017 15:35:10 GMT" time="6.359" errors="0">
  <testcase name="HomePageTestCase" time="0.270" classname="UptakeTestFiles.UptakeHomePageTest"/>
  <testcase name="HomePageTestCase" time="0.061" classname="UptakeTestFiles.UptakeHomePageTest"/>
  <testcase name="f" time="0.006" classname="UptakeTestFiles.UptakeHomePageTest"/>
  <testcase name="HomePageTestCase" time="5.192" classname="UptakeTestFiles.UptakeHomePageTest"/>
  <testcase name="HomePageTestCase" time="0.247" classname="UptakeTestFiles.UptakeHomePageTest"/>
  <testcase name="f" time="0.000" classname="UptakeTestFiles.UptakeHomePageTest"/>
  <testcase name="HomePageTestCase" time="0.172" classname="UptakeTestFiles.UptakeHomePageTest"/>
  <testcase name="HomePageTestCase" time="0.125" classname="UptakeTestFiles.UptakeHomePageTest"/>
  <testcase name="HomePageTestCase" time="0.223" classname="UptakeTestFiles.UptakeHomePageTest"/>
  <testcase name="HomePageTestCase" time="0.063" classname="UptakeTestFiles.UptakeHomePageTest"/>
</testsuite> <!-- UptakeTestFiles.UptakeHomePageTest -->
