<?xml version="1.0" encoding="UTF-8"?>
<!-- Generated by org.testng.reporters.JUnitReportReporter -->
<testsuite skipped="0" hostname="Chethan" name="UptakeTestFiles.NewTest" tests="2" failures="0" timestamp="21 Aug 2017 00:25:02 GMT" time="23.791" errors="0">
  <testcase name="HomePageTest" time="13.492" classname="UptakeTestFiles.NewTest"/>
  <testcase name="IndustriesPageTest" time="10.299" classname="UptakeTestFiles.NewTest"/>
</testsuite> <!-- UptakeTestFiles.NewTest -->
