<?xml version="1.0" encoding="UTF-8"?>
<!-- Generated by org.testng.reporters.JUnitReportReporter -->
<testsuite skipped="0" hostname="Chethan" name="UptakeTestFiles.NewTest" tests="10" failures="0" timestamp="11 Sep 2017 06:38:51 GMT" time="6.492" errors="0">
  <testcase name="f" time="0.001" classname="UptakeTestFiles.NewTest"/>
  <testcase name="UptakeHomePageTestCase" time="5.216" classname="UptakeTestFiles.NewTest"/>
  <testcase name="UptakeHomePageTestCase" time="0.189" classname="UptakeTestFiles.NewTest"/>
  <testcase name="UptakeHomePageTestCase" time="0.269" classname="UptakeTestFiles.NewTest"/>
  <testcase name="UptakeHomePageTestCase" time="0.087" classname="UptakeTestFiles.NewTest"/>
  <testcase name="UptakeHomePageTestCase" time="0.062" classname="UptakeTestFiles.NewTest"/>
  <testcase name="UptakeHomePageTestCase" time="0.257" classname="UptakeTestFiles.NewTest"/>
  <testcase name="f" time="0.001" classname="UptakeTestFiles.NewTest"/>
  <testcase name="UptakeHomePageTestCase" time="0.145" classname="UptakeTestFiles.NewTest"/>
  <testcase name="UptakeHomePageTestCase" time="0.265" classname="UptakeTestFiles.NewTest"/>
</testsuite> <!-- UptakeTestFiles.NewTest -->
