<?xml version="1.0" encoding="UTF-8"?>
<!-- Generated by org.testng.reporters.JUnitReportReporter -->
<testsuite skipped="0" hostname="Chethan" name="UptakeTestFiles.UptakeProductsPageTest" tests="4" failures="0" timestamp="11 Sep 2017 15:35:10 GMT" time="15.533" errors="0">
  <testcase name="f" time="0.001" classname="UptakeTestFiles.UptakeProductsPageTest"/>
  <testcase name="f" time="0.001" classname="UptakeTestFiles.UptakeProductsPageTest"/>
  <testcase name="ProductsPageTestCase" time="7.041" classname="UptakeTestFiles.UptakeProductsPageTest"/>
  <testcase name="ProductsPageTestCase" time="8.490" classname="UptakeTestFiles.UptakeProductsPageTest"/>
</testsuite> <!-- UptakeTestFiles.UptakeProductsPageTest -->
