<?xml version="1.0" encoding="UTF-8"?>
<!-- Generated by org.testng.reporters.JUnitReportReporter -->
<testsuite skipped="0" hostname="Chethan" name="com.yourLogo.shopDresses.TestNGGroupingDemoTest" tests="4" failures="0" timestamp="06 Jul 2017 21:18:54 GMT" time="0.015" errors="0">
  <testcase name="duke200" time="0.000" classname="com.yourLogo.shopDresses.TestNGGroupingDemoTest"/>
  <testcase name="dazzler" time="0.001" classname="com.yourLogo.shopDresses.TestNGGroupingDemoTest"/>
  <testcase name="apache" time="0.013" classname="com.yourLogo.shopDresses.TestNGGroupingDemoTest"/>
  <testcase name="duke250" time="0.001" classname="com.yourLogo.shopDresses.TestNGGroupingDemoTest"/>
</testsuite> <!-- com.yourLogo.shopDresses.TestNGGroupingDemoTest -->
