<?xml version="1.0" encoding="UTF-8"?>
<!-- Generated by org.testng.reporters.JUnitReportReporter -->
<testsuite skipped="0" hostname="Chethan" name="com.yourLogo.shopDresses.YourLogoTestNGDemoTest" tests="1" failures="0" timestamp="06 Jul 2017 21:12:16 GMT" time="22.145" errors="0">
  <testcase name="testMethod" time="22.145" classname="com.yourLogo.shopDresses.YourLogoTestNGDemoTest"/>
</testsuite> <!-- com.yourLogo.shopDresses.YourLogoTestNGDemoTest -->
